<?xml version="1.0" encoding="UTF-8"?>
<!-- Generated by org.testng.reporters.JUnitXMLReporter -->
<testsuite ignored="0" hostname="LAPTOP-5KMFOFH9" failures="0" tests="3" name="Default test" time="5.167" errors="0" timestamp="2023-11-24T17:09:45 IST">
  <testcase classname="httpRequest.HttpPOST_UPDATE_DELETE" name="create_User" time="3.407"/>
  <testcase classname="httpRequest.HttpPOST_UPDATE_DELETE" name="updateSameUser" time="0.907"/>
  <testcase classname="httpRequest.HttpPOST_UPDATE_DELETE" name="deleteSameUser" time="0.802"/>
</testsuite> <!-- Default test -->
