<?xml version="1.0" encoding="UTF-8"?>
<!-- Generated by org.testng.reporters.JUnitXMLReporter -->
<testsuite ignored="0" hostname="LAPTOP-5KMFOFH9" failures="0" tests="5" name="Default test" time="7.802" errors="0" timestamp="2023-11-29T16:48:59 IST">
  <testcase classname="httpRequest.AuthenticationDemo" name="basic_Auth" time="3.706"/>
  <testcase classname="httpRequest.AuthenticationDemo" name="digestAuth" time="1.32"/>
  <testcase classname="httpRequest.AuthenticationDemo" name="preemptiveAuth" time="1.048"/>
  <testcase classname="httpRequest.AuthenticationDemo" name="bearerTokenAuth" time="0.897"/>
  <testcase classname="httpRequest.AuthenticationDemo" name="auth2Test" time="0.776"/>
</testsuite> <!-- Default test -->
