<?xml version="1.0" encoding="UTF-8"?>
<testng-results ignored="0" total="3" passed="3" failed="0" skipped="0">
  <reporter-output>
  </reporter-output>
  <suite started-at="2023-11-24T17:09:40 IST" name="Default suite" finished-at="2023-11-24T17:09:45 IST" duration-ms="5167">
    <groups>
    </groups>
    <test started-at="2023-11-24T17:09:40 IST" name="Default test" finished-at="2023-11-24T17:09:45 IST" duration-ms="5167">
      <class name="httpRequest.HttpPOST_UPDATE_DELETE">
        <test-method signature="create_User()[pri:1, instance:httpRequest.HttpPOST_UPDATE_DELETE@6283d8b8]" started-at="2023-11-24T17:09:40 IST" name="create_User" finished-at="2023-11-24T17:09:43 IST" duration-ms="3407" status="PASS">
          <reporter-output>
          </reporter-output>
        </test-method> <!-- create_User -->
        <test-method signature="updateSameUser()[pri:2, instance:httpRequest.HttpPOST_UPDATE_DELETE@6283d8b8]" started-at="2023-11-24T17:09:43 IST" name="updateSameUser" finished-at="2023-11-24T17:09:44 IST" depends-on-methods="httpRequest.HttpPOST_UPDATE_DELETE.create_User" duration-ms="907" status="PASS">
          <reporter-output>
          </reporter-output>
        </test-method> <!-- updateSameUser -->
        <test-method signature="deleteSameUser()[pri:3, instance:httpRequest.HttpPOST_UPDATE_DELETE@6283d8b8]" started-at="2023-11-24T17:09:44 IST" name="deleteSameUser" finished-at="2023-11-24T17:09:45 IST" depends-on-methods="httpRequest.HttpPOST_UPDATE_DELETE.updateSameUser" duration-ms="802" status="PASS">
          <reporter-output>
          </reporter-output>
        </test-method> <!-- deleteSameUser -->
      </class> <!-- httpRequest.HttpPOST_UPDATE_DELETE -->
    </test> <!-- Default test -->
  </suite> <!-- Default suite -->
</testng-results>
