<?xml version="1.0" encoding="UTF-8"?>
<testng-results ignored="0" total="5" passed="5" failed="0" skipped="0">
  <reporter-output>
  </reporter-output>
  <suite started-at="2023-11-29T16:48:51 IST" name="Default suite" finished-at="2023-11-29T16:48:59 IST" duration-ms="7802">
    <groups>
    </groups>
    <test started-at="2023-11-29T16:48:51 IST" name="Default test" finished-at="2023-11-29T16:48:59 IST" duration-ms="7802">
      <class name="httpRequest.AuthenticationDemo">
        <test-method signature="basic_Auth()[pri:1, instance:httpRequest.AuthenticationDemo@6283d8b8]" started-at="2023-11-29T16:48:51 IST" name="basic_Auth" finished-at="2023-11-29T16:48:55 IST" duration-ms="3706" status="PASS">
          <reporter-output>
          </reporter-output>
        </test-method> <!-- basic_Auth -->
        <test-method signature="digestAuth()[pri:2, instance:httpRequest.AuthenticationDemo@6283d8b8]" started-at="2023-11-29T16:48:55 IST" name="digestAuth" finished-at="2023-11-29T16:48:56 IST" duration-ms="1320" status="PASS">
          <reporter-output>
          </reporter-output>
        </test-method> <!-- digestAuth -->
        <test-method signature="preemptiveAuth()[pri:3, instance:httpRequest.AuthenticationDemo@6283d8b8]" started-at="2023-11-29T16:48:56 IST" name="preemptiveAuth" finished-at="2023-11-29T16:48:57 IST" duration-ms="1048" status="PASS">
          <reporter-output>
          </reporter-output>
        </test-method> <!-- preemptiveAuth -->
        <test-method signature="bearerTokenAuth()[pri:4, instance:httpRequest.AuthenticationDemo@6283d8b8]" started-at="2023-11-29T16:48:57 IST" name="bearerTokenAuth" finished-at="2023-11-29T16:48:58 IST" duration-ms="897" status="PASS">
          <reporter-output>
          </reporter-output>
        </test-method> <!-- bearerTokenAuth -->
        <test-method signature="auth2Test()[pri:5, instance:httpRequest.AuthenticationDemo@6283d8b8]" started-at="2023-11-29T16:48:58 IST" name="auth2Test" finished-at="2023-11-29T16:48:59 IST" duration-ms="776" status="PASS">
          <reporter-output>
          </reporter-output>
        </test-method> <!-- auth2Test -->
      </class> <!-- httpRequest.AuthenticationDemo -->
    </test> <!-- Default test -->
  </suite> <!-- Default suite -->
</testng-results>
